<!DOCTYPE html><html xmlns:lxslt="http://xml.apache.org/xslt" xmlns:stringutils="xalan://org.apache.tools.ant.util.StringUtils">
<head>
<META http-equiv="Content-Type" content="text/html; charset=utf-8">
<title>
        Unit Test Results
     - Failed tests</title>
<link href="stylesheet.css" rel="stylesheet" type="text/css">
</head>
<body>
<div id="report" class="container container_8">
<div class="grid_6 alpha">
<div class="grailslogo"></div>
<h1>
        Unit Test Results
     - Failed tests</h1>
<p class="intro">
                        Executed
                        41
                        tests
                    
                        with
                        5 errors

                        and
                        20 failures
                        .
                    </p>
</div>
<div class="grid_2 omega">
<nav id="navigationlinks">
<p>
<a href="failed.html">
                    Tests with failure and errors
                </a>
</p>
<p>
<a href="index.html">
                    Package summary
                </a>
</p>
<p>
<a href="all.html">
                    Show all tests
                </a>
</p>
</nav>
</div>
<div class="clear"></div>
<div class="testsuite failure">
<div class="header">
<h2>CommentaireControllerTests</h2>
<h3>
                        Executed
                        8
                        tests
                    
                        with
                        5 failures
                        .
                    </h3>
</div>
<div class="testcase clearfix success grid_8 alpha omega" data-name="testIndex">
<div class="grid_3 alpha">
<p>
<span class="icon success"></span><b class="testname message success">testIndex</b>
</p>
<p class="summary">Executed in 1.452 seconds.</p>
</div>
<div class="grid_5 omega outputinfo"></div>
<div class="clear"></div>
</div>
<div class="testcase clearfix success grid_8 alpha omega" data-name="testList">
<div class="grid_3 alpha">
<p>
<span class="icon success"></span><b class="testname message success">testList</b>
</p>
<p class="summary">Executed in 0.305 seconds.</p>
</div>
<div class="grid_5 omega outputinfo"></div>
<div class="clear"></div>
</div>
<div class="testcase clearfix success grid_8 alpha omega" data-name="testCreate">
<div class="grid_3 alpha">
<p>
<span class="icon success"></span><b class="testname message success">testCreate</b>
</p>
<p class="summary">Executed in 0.289 seconds.</p>
</div>
<div class="grid_5 omega outputinfo"></div>
<div class="clear"></div>
</div>
<div class="testcase clearfix failure grid_8 alpha omega" data-name="testSave">
<div class="grid_3 alpha">
<p>
<span class="icon failure"></span><b class="testname message failure">testSave</b>
</p>
<p class="summary">Executed in 1.207 seconds.</p>
</div>
<div class="grid_5 omega outputinfo">
<div class="details">
<p>
<b class="message">Assertion failed: 

assert response.redirectedUrl == '/commentaire/show/1'
       |        |             |
       |        null          false
       org.codehaus.groovy.grails.plugins.testing.GrailsMockHttpServletResponse@206fa7ec
</b>
</p>
<pre>junit.framework.AssertionFailedError: Assertion failed: 

assert response.redirectedUrl == '/commentaire/show/1'
       |        |             |
       |        null          false
       org.codehaus.groovy.grails.plugins.testing.GrailsMockHttpServletResponse@206fa7ec

	at questionnaire1.CommentaireControllerTests.testSave(CommentaireControllerTests.groovy:48)
</pre>
</div>
</div>
<div class="clear"></div>
</div>
<div class="testcase clearfix failure grid_8 alpha omega" data-name="testShow">
<div class="grid_3 alpha">
<p>
<span class="icon failure"></span><b class="testname message failure">testShow</b>
</p>
<p class="summary">Executed in 0.286 seconds.</p>
</div>
<div class="grid_5 omega outputinfo">
<div class="details">
<p>
<b class="message">Assertion failed: 

assert commentaire.save() != null
       |           |      |
       |           null   false
       questionnaire1.Commentaire : null
</b>
</p>
<pre>junit.framework.AssertionFailedError: Assertion failed: 

assert commentaire.save() != null
       |           |      |
       |           null   false
       questionnaire1.Commentaire : null

	at questionnaire1.CommentaireControllerTests.testShow(CommentaireControllerTests.groovy:62)
</pre>
</div>
</div>
<div class="clear"></div>
</div>
<div class="testcase clearfix failure grid_8 alpha omega" data-name="testEdit">
<div class="grid_3 alpha">
<p>
<span class="icon failure"></span><b class="testname message failure">testEdit</b>
</p>
<p class="summary">Executed in 0.202 seconds.</p>
</div>
<div class="grid_5 omega outputinfo">
<div class="details">
<p>
<b class="message">Assertion failed: 

assert commentaire.save() != null
       |           |      |
       |           null   false
       questionnaire1.Commentaire : null
</b>
</p>
<pre>junit.framework.AssertionFailedError: Assertion failed: 

assert commentaire.save() != null
       |           |      |
       |           null   false
       questionnaire1.Commentaire : null

	at questionnaire1.CommentaireControllerTests.testEdit(CommentaireControllerTests.groovy:80)
</pre>
</div>
</div>
<div class="clear"></div>
</div>
<div class="testcase clearfix failure grid_8 alpha omega" data-name="testUpdate">
<div class="grid_3 alpha">
<p>
<span class="icon failure"></span><b class="testname message failure">testUpdate</b>
</p>
<p class="summary">Executed in 0.247 seconds.</p>
</div>
<div class="grid_5 omega outputinfo">
<div class="details">
<p>
<b class="message">Assertion failed: 

assert commentaire.save() != null
       |           |      |
       |           null   false
       questionnaire1.Commentaire : null
</b>
</p>
<pre>junit.framework.AssertionFailedError: Assertion failed: 

assert commentaire.save() != null
       |           |      |
       |           null   false
       questionnaire1.Commentaire : null

	at questionnaire1.CommentaireControllerTests.testUpdate(CommentaireControllerTests.groovy:100)
</pre>
</div>
</div>
<div class="clear"></div>
</div>
<div class="testcase clearfix failure grid_8 alpha omega" data-name="testDelete">
<div class="grid_3 alpha">
<p>
<span class="icon failure"></span><b class="testname message failure">testDelete</b>
</p>
<p class="summary">Executed in 0.264 seconds.</p>
</div>
<div class="grid_5 omega outputinfo">
<div class="details">
<p>
<b class="message">Assertion failed: 

assert commentaire.save() != null
       |           |      |
       |           null   false
       questionnaire1.Commentaire : null
</b>
</p>
<pre>junit.framework.AssertionFailedError: Assertion failed: 

assert commentaire.save() != null
       |           |      |
       |           null   false
       questionnaire1.Commentaire : null

	at questionnaire1.CommentaireControllerTests.testDelete(CommentaireControllerTests.groovy:144)
</pre>
</div>
</div>
<div class="clear"></div>
</div>
<div class="clearfix output footer">
<div class="sysout">
<h2>Standard output</h2>
<pre class="stdout">--Output from testIndex--
--Output from testList--
--Output from testCreate--
--Output from testSave--
--Output from testShow--
--Output from testEdit--
--Output from testUpdate--
--Output from testDelete--
</pre>
</div>
<div class="syserr">
<h2>System error</h2>
<pre class="syserr">--Output from testIndex--
--Output from testList--
--Output from testCreate--
--Output from testSave--
--Output from testShow--
--Output from testEdit--
--Output from testUpdate--
--Output from testDelete--
</pre>
</div>
</div>
<div class="clear"></div>
</div>
<div class="testsuite failure">
<div class="header">
<h2>PropositionControllerTests</h2>
<h3>
                        Executed
                        8
                        tests
                    
                        with
                        5 failures
                        .
                    </h3>
</div>
<div class="testcase clearfix success grid_8 alpha omega" data-name="testIndex">
<div class="grid_3 alpha">
<p>
<span class="icon success"></span><b class="testname message success">testIndex</b>
</p>
<p class="summary">Executed in 0.873 seconds.</p>
</div>
<div class="grid_5 omega outputinfo"></div>
<div class="clear"></div>
</div>
<div class="testcase clearfix success grid_8 alpha omega" data-name="testList">
<div class="grid_3 alpha">
<p>
<span class="icon success"></span><b class="testname message success">testList</b>
</p>
<p class="summary">Executed in 0.15 seconds.</p>
</div>
<div class="grid_5 omega outputinfo"></div>
<div class="clear"></div>
</div>
<div class="testcase clearfix success grid_8 alpha omega" data-name="testCreate">
<div class="grid_3 alpha">
<p>
<span class="icon success"></span><b class="testname message success">testCreate</b>
</p>
<p class="summary">Executed in 0.141 seconds.</p>
</div>
<div class="grid_5 omega outputinfo"></div>
<div class="clear"></div>
</div>
<div class="testcase clearfix failure grid_8 alpha omega" data-name="testSave">
<div class="grid_3 alpha">
<p>
<span class="icon failure"></span><b class="testname message failure">testSave</b>
</p>
<p class="summary">Executed in 0.211 seconds.</p>
</div>
<div class="grid_5 omega outputinfo">
<div class="details">
<p>
<b class="message">Assertion failed: 

assert response.redirectedUrl == '/proposition/show/1'
       |        |             |
       |        null          false
       org.codehaus.groovy.grails.plugins.testing.GrailsMockHttpServletResponse@2bf75442
</b>
</p>
<pre>junit.framework.AssertionFailedError: Assertion failed: 

assert response.redirectedUrl == '/proposition/show/1'
       |        |             |
       |        null          false
       org.codehaus.groovy.grails.plugins.testing.GrailsMockHttpServletResponse@2bf75442

	at questionnaire1.PropositionControllerTests.testSave(PropositionControllerTests.groovy:48)
</pre>
</div>
</div>
<div class="clear"></div>
</div>
<div class="testcase clearfix failure grid_8 alpha omega" data-name="testShow">
<div class="grid_3 alpha">
<p>
<span class="icon failure"></span><b class="testname message failure">testShow</b>
</p>
<p class="summary">Executed in 0.265 seconds.</p>
</div>
<div class="grid_5 omega outputinfo">
<div class="details">
<p>
<b class="message">Assertion failed: 

assert proposition.save() != null
       |           |      |
       |           null   false
       questionnaire1.Proposition : null
</b>
</p>
<pre>junit.framework.AssertionFailedError: Assertion failed: 

assert proposition.save() != null
       |           |      |
       |           null   false
       questionnaire1.Proposition : null

	at questionnaire1.PropositionControllerTests.testShow(PropositionControllerTests.groovy:62)
</pre>
</div>
</div>
<div class="clear"></div>
</div>
<div class="testcase clearfix failure grid_8 alpha omega" data-name="testEdit">
<div class="grid_3 alpha">
<p>
<span class="icon failure"></span><b class="testname message failure">testEdit</b>
</p>
<p class="summary">Executed in 0.158 seconds.</p>
</div>
<div class="grid_5 omega outputinfo">
<div class="details">
<p>
<b class="message">Assertion failed: 

assert proposition.save() != null
       |           |      |
       |           null   false
       questionnaire1.Proposition : null
</b>
</p>
<pre>junit.framework.AssertionFailedError: Assertion failed: 

assert proposition.save() != null
       |           |      |
       |           null   false
       questionnaire1.Proposition : null

	at questionnaire1.PropositionControllerTests.testEdit(PropositionControllerTests.groovy:80)
</pre>
</div>
</div>
<div class="clear"></div>
</div>
<div class="testcase clearfix failure grid_8 alpha omega" data-name="testUpdate">
<div class="grid_3 alpha">
<p>
<span class="icon failure"></span><b class="testname message failure">testUpdate</b>
</p>
<p class="summary">Executed in 0.118 seconds.</p>
</div>
<div class="grid_5 omega outputinfo">
<div class="details">
<p>
<b class="message">Assertion failed: 

assert proposition.save() != null
       |           |      |
       |           null   false
       questionnaire1.Proposition : null
</b>
</p>
<pre>junit.framework.AssertionFailedError: Assertion failed: 

assert proposition.save() != null
       |           |      |
       |           null   false
       questionnaire1.Proposition : null

	at questionnaire1.PropositionControllerTests.testUpdate(PropositionControllerTests.groovy:100)
</pre>
</div>
</div>
<div class="clear"></div>
</div>
<div class="testcase clearfix failure grid_8 alpha omega" data-name="testDelete">
<div class="grid_3 alpha">
<p>
<span class="icon failure"></span><b class="testname message failure">testDelete</b>
</p>
<p class="summary">Executed in 0.155 seconds.</p>
</div>
<div class="grid_5 omega outputinfo">
<div class="details">
<p>
<b class="message">Assertion failed: 

assert proposition.save() != null
       |           |      |
       |           null   false
       questionnaire1.Proposition : null
</b>
</p>
<pre>junit.framework.AssertionFailedError: Assertion failed: 

assert proposition.save() != null
       |           |      |
       |           null   false
       questionnaire1.Proposition : null

	at questionnaire1.PropositionControllerTests.testDelete(PropositionControllerTests.groovy:144)
</pre>
</div>
</div>
<div class="clear"></div>
</div>
<div class="clearfix output footer">
<div class="sysout">
<h2>Standard output</h2>
<pre class="stdout">--Output from testIndex--
--Output from testList--
--Output from testCreate--
--Output from testSave--
--Output from testShow--
--Output from testEdit--
--Output from testUpdate--
--Output from testDelete--
</pre>
</div>
<div class="syserr">
<h2>System error</h2>
<pre class="syserr">--Output from testIndex--
--Output from testList--
--Output from testCreate--
--Output from testSave--
--Output from testShow--
--Output from testEdit--
--Output from testUpdate--
--Output from testDelete--
</pre>
</div>
</div>
<div class="clear"></div>
</div>
<div class="testsuite failure">
<div class="header">
<h2>QuestionControllerTests</h2>
<h3>
                        Executed
                        8
                        tests
                    
                        with
                        5 failures
                        .
                    </h3>
</div>
<div class="testcase clearfix success grid_8 alpha omega" data-name="testIndex">
<div class="grid_3 alpha">
<p>
<span class="icon success"></span><b class="testname message success">testIndex</b>
</p>
<p class="summary">Executed in 0.686 seconds.</p>
</div>
<div class="grid_5 omega outputinfo"></div>
<div class="clear"></div>
</div>
<div class="testcase clearfix success grid_8 alpha omega" data-name="testList">
<div class="grid_3 alpha">
<p>
<span class="icon success"></span><b class="testname message success">testList</b>
</p>
<p class="summary">Executed in 0.086 seconds.</p>
</div>
<div class="grid_5 omega outputinfo"></div>
<div class="clear"></div>
</div>
<div class="testcase clearfix success grid_8 alpha omega" data-name="testCreate">
<div class="grid_3 alpha">
<p>
<span class="icon success"></span><b class="testname message success">testCreate</b>
</p>
<p class="summary">Executed in 0.121 seconds.</p>
</div>
<div class="grid_5 omega outputinfo"></div>
<div class="clear"></div>
</div>
<div class="testcase clearfix failure grid_8 alpha omega" data-name="testSave">
<div class="grid_3 alpha">
<p>
<span class="icon failure"></span><b class="testname message failure">testSave</b>
</p>
<p class="summary">Executed in 0.318 seconds.</p>
</div>
<div class="grid_5 omega outputinfo">
<div class="details">
<p>
<b class="message">Assertion failed: 

assert response.redirectedUrl == '/question/show/1'
       |        |             |
       |        null          false
       org.codehaus.groovy.grails.plugins.testing.GrailsMockHttpServletResponse@491f03e4
</b>
</p>
<pre>junit.framework.AssertionFailedError: Assertion failed: 

assert response.redirectedUrl == '/question/show/1'
       |        |             |
       |        null          false
       org.codehaus.groovy.grails.plugins.testing.GrailsMockHttpServletResponse@491f03e4

	at questionnaire1.QuestionControllerTests.testSave(QuestionControllerTests.groovy:48)
</pre>
</div>
</div>
<div class="clear"></div>
</div>
<div class="testcase clearfix failure grid_8 alpha omega" data-name="testShow">
<div class="grid_3 alpha">
<p>
<span class="icon failure"></span><b class="testname message failure">testShow</b>
</p>
<p class="summary">Executed in 0.306 seconds.</p>
</div>
<div class="grid_5 omega outputinfo">
<div class="details">
<p>
<b class="message">Assertion failed: 

assert question.save() != null
       |        |      |
       |        null   false
       questionnaire1.Question : null
</b>
</p>
<pre>junit.framework.AssertionFailedError: Assertion failed: 

assert question.save() != null
       |        |      |
       |        null   false
       questionnaire1.Question : null

	at questionnaire1.QuestionControllerTests.testShow(QuestionControllerTests.groovy:62)
</pre>
</div>
</div>
<div class="clear"></div>
</div>
<div class="testcase clearfix failure grid_8 alpha omega" data-name="testEdit">
<div class="grid_3 alpha">
<p>
<span class="icon failure"></span><b class="testname message failure">testEdit</b>
</p>
<p class="summary">Executed in 0.205 seconds.</p>
</div>
<div class="grid_5 omega outputinfo">
<div class="details">
<p>
<b class="message">Assertion failed: 

assert question.save() != null
       |        |      |
       |        null   false
       questionnaire1.Question : null
</b>
</p>
<pre>junit.framework.AssertionFailedError: Assertion failed: 

assert question.save() != null
       |        |      |
       |        null   false
       questionnaire1.Question : null

	at questionnaire1.QuestionControllerTests.testEdit(QuestionControllerTests.groovy:80)
</pre>
</div>
</div>
<div class="clear"></div>
</div>
<div class="testcase clearfix failure grid_8 alpha omega" data-name="testUpdate">
<div class="grid_3 alpha">
<p>
<span class="icon failure"></span><b class="testname message failure">testUpdate</b>
</p>
<p class="summary">Executed in 0.253 seconds.</p>
</div>
<div class="grid_5 omega outputinfo">
<div class="details">
<p>
<b class="message">Assertion failed: 

assert question.save() != null
       |        |      |
       |        null   false
       questionnaire1.Question : null
</b>
</p>
<pre>junit.framework.AssertionFailedError: Assertion failed: 

assert question.save() != null
       |        |      |
       |        null   false
       questionnaire1.Question : null

	at questionnaire1.QuestionControllerTests.testUpdate(QuestionControllerTests.groovy:100)
</pre>
</div>
</div>
<div class="clear"></div>
</div>
<div class="testcase clearfix failure grid_8 alpha omega" data-name="testDelete">
<div class="grid_3 alpha">
<p>
<span class="icon failure"></span><b class="testname message failure">testDelete</b>
</p>
<p class="summary">Executed in 0.246 seconds.</p>
</div>
<div class="grid_5 omega outputinfo">
<div class="details">
<p>
<b class="message">Assertion failed: 

assert question.save() != null
       |        |      |
       |        null   false
       questionnaire1.Question : null
</b>
</p>
<pre>junit.framework.AssertionFailedError: Assertion failed: 

assert question.save() != null
       |        |      |
       |        null   false
       questionnaire1.Question : null

	at questionnaire1.QuestionControllerTests.testDelete(QuestionControllerTests.groovy:144)
</pre>
</div>
</div>
<div class="clear"></div>
</div>
<div class="clearfix output footer">
<div class="sysout">
<h2>Standard output</h2>
<pre class="stdout">--Output from testIndex--
--Output from testList--
--Output from testCreate--
--Output from testSave--
--Output from testShow--
--Output from testEdit--
--Output from testUpdate--
--Output from testDelete--
</pre>
</div>
<div class="syserr">
<h2>System error</h2>
<pre class="syserr">--Output from testIndex--
--Output from testList--
--Output from testCreate--
--Output from testSave--
--Output from testShow--
--Output from testEdit--
--Output from testUpdate--
--Output from testDelete--
</pre>
</div>
</div>
<div class="clear"></div>
</div>
<div class="testsuite failure">
<div class="header">
<h2>ReponseControllerTests</h2>
<h3>
                        Executed
                        8
                        tests
                    
                        with
                        5 failures
                        .
                    </h3>
</div>
<div class="testcase clearfix success grid_8 alpha omega" data-name="testIndex">
<div class="grid_3 alpha">
<p>
<span class="icon success"></span><b class="testname message success">testIndex</b>
</p>
<p class="summary">Executed in 1.175 seconds.</p>
</div>
<div class="grid_5 omega outputinfo"></div>
<div class="clear"></div>
</div>
<div class="testcase clearfix success grid_8 alpha omega" data-name="testList">
<div class="grid_3 alpha">
<p>
<span class="icon success"></span><b class="testname message success">testList</b>
</p>
<p class="summary">Executed in 0.214 seconds.</p>
</div>
<div class="grid_5 omega outputinfo"></div>
<div class="clear"></div>
</div>
<div class="testcase clearfix success grid_8 alpha omega" data-name="testCreate">
<div class="grid_3 alpha">
<p>
<span class="icon success"></span><b class="testname message success">testCreate</b>
</p>
<p class="summary">Executed in 0.179 seconds.</p>
</div>
<div class="grid_5 omega outputinfo"></div>
<div class="clear"></div>
</div>
<div class="testcase clearfix failure grid_8 alpha omega" data-name="testSave">
<div class="grid_3 alpha">
<p>
<span class="icon failure"></span><b class="testname message failure">testSave</b>
</p>
<p class="summary">Executed in 0.243 seconds.</p>
</div>
<div class="grid_5 omega outputinfo">
<div class="details">
<p>
<b class="message">Assertion failed: 

assert response.redirectedUrl == '/reponse/show/1'
       |        |             |
       |        null          false
       org.codehaus.groovy.grails.plugins.testing.GrailsMockHttpServletResponse@771c7eb2
</b>
</p>
<pre>junit.framework.AssertionFailedError: Assertion failed: 

assert response.redirectedUrl == '/reponse/show/1'
       |        |             |
       |        null          false
       org.codehaus.groovy.grails.plugins.testing.GrailsMockHttpServletResponse@771c7eb2

	at questionnaire1.ReponseControllerTests.testSave(ReponseControllerTests.groovy:48)
</pre>
</div>
</div>
<div class="clear"></div>
</div>
<div class="testcase clearfix failure grid_8 alpha omega" data-name="testShow">
<div class="grid_3 alpha">
<p>
<span class="icon failure"></span><b class="testname message failure">testShow</b>
</p>
<p class="summary">Executed in 0.355 seconds.</p>
</div>
<div class="grid_5 omega outputinfo">
<div class="details">
<p>
<b class="message">Assertion failed: 

assert reponse.save() != null
       |       |      |
       |       null   false
       questionnaire1.Reponse : null
</b>
</p>
<pre>junit.framework.AssertionFailedError: Assertion failed: 

assert reponse.save() != null
       |       |      |
       |       null   false
       questionnaire1.Reponse : null

	at questionnaire1.ReponseControllerTests.testShow(ReponseControllerTests.groovy:62)
</pre>
</div>
</div>
<div class="clear"></div>
</div>
<div class="testcase clearfix failure grid_8 alpha omega" data-name="testEdit">
<div class="grid_3 alpha">
<p>
<span class="icon failure"></span><b class="testname message failure">testEdit</b>
</p>
<p class="summary">Executed in 0.209 seconds.</p>
</div>
<div class="grid_5 omega outputinfo">
<div class="details">
<p>
<b class="message">Assertion failed: 

assert reponse.save() != null
       |       |      |
       |       null   false
       questionnaire1.Reponse : null
</b>
</p>
<pre>junit.framework.AssertionFailedError: Assertion failed: 

assert reponse.save() != null
       |       |      |
       |       null   false
       questionnaire1.Reponse : null

	at questionnaire1.ReponseControllerTests.testEdit(ReponseControllerTests.groovy:80)
</pre>
</div>
</div>
<div class="clear"></div>
</div>
<div class="testcase clearfix failure grid_8 alpha omega" data-name="testUpdate">
<div class="grid_3 alpha">
<p>
<span class="icon failure"></span><b class="testname message failure">testUpdate</b>
</p>
<p class="summary">Executed in 0.216 seconds.</p>
</div>
<div class="grid_5 omega outputinfo">
<div class="details">
<p>
<b class="message">Assertion failed: 

assert reponse.save() != null
       |       |      |
       |       null   false
       questionnaire1.Reponse : null
</b>
</p>
<pre>junit.framework.AssertionFailedError: Assertion failed: 

assert reponse.save() != null
       |       |      |
       |       null   false
       questionnaire1.Reponse : null

	at questionnaire1.ReponseControllerTests.testUpdate(ReponseControllerTests.groovy:100)
</pre>
</div>
</div>
<div class="clear"></div>
</div>
<div class="testcase clearfix failure grid_8 alpha omega" data-name="testDelete">
<div class="grid_3 alpha">
<p>
<span class="icon failure"></span><b class="testname message failure">testDelete</b>
</p>
<p class="summary">Executed in 0.281 seconds.</p>
</div>
<div class="grid_5 omega outputinfo">
<div class="details">
<p>
<b class="message">Assertion failed: 

assert reponse.save() != null
       |       |      |
       |       null   false
       questionnaire1.Reponse : null
</b>
</p>
<pre>junit.framework.AssertionFailedError: Assertion failed: 

assert reponse.save() != null
       |       |      |
       |       null   false
       questionnaire1.Reponse : null

	at questionnaire1.ReponseControllerTests.testDelete(ReponseControllerTests.groovy:144)
</pre>
</div>
</div>
<div class="clear"></div>
</div>
<div class="clearfix output footer">
<div class="sysout">
<h2>Standard output</h2>
<pre class="stdout">--Output from testIndex--
--Output from testList--
--Output from testCreate--
--Output from testSave--
--Output from testShow--
--Output from testEdit--
--Output from testUpdate--
--Output from testDelete--
</pre>
</div>
<div class="syserr">
<h2>System error</h2>
<pre class="syserr">--Output from testIndex--
--Output from testList--
--Output from testCreate--
--Output from testSave--
--Output from testShow--
--Output from testEdit--
--Output from testUpdate--
--Output from testDelete--
</pre>
</div>
</div>
<div class="clear"></div>
</div>
<div class="testsuite error">
<div class="header">
<h2>UserControllerTests</h2>
<h3>
                        Executed
                        9
                        tests
                    
                        with
                        5 errors
                        .
                    </h3>
</div>
<div class="testcase clearfix success grid_8 alpha omega" data-name="testSimpleConstraints">
<div class="grid_3 alpha">
<p>
<span class="icon success"></span><b class="testname message success">testSimpleConstraints</b>
</p>
<p class="summary">Executed in 4.048 seconds.</p>
</div>
<div class="grid_5 omega outputinfo"></div>
<div class="clear"></div>
</div>
<div class="testcase clearfix success grid_8 alpha omega" data-name="testIndex">
<div class="grid_3 alpha">
<p>
<span class="icon success"></span><b class="testname message success">testIndex</b>
</p>
<p class="summary">Executed in 0.668 seconds.</p>
</div>
<div class="grid_5 omega outputinfo"></div>
<div class="clear"></div>
</div>
<div class="testcase clearfix success grid_8 alpha omega" data-name="testList">
<div class="grid_3 alpha">
<p>
<span class="icon success"></span><b class="testname message success">testList</b>
</p>
<p class="summary">Executed in 0.403 seconds.</p>
</div>
<div class="grid_5 omega outputinfo"></div>
<div class="clear"></div>
</div>
<div class="testcase clearfix success grid_8 alpha omega" data-name="testCreate">
<div class="grid_3 alpha">
<p>
<span class="icon success"></span><b class="testname message success">testCreate</b>
</p>
<p class="summary">Executed in 0.301 seconds.</p>
</div>
<div class="grid_5 omega outputinfo"></div>
<div class="clear"></div>
</div>
<div class="testcase clearfix error grid_8 alpha omega" data-name="testSave">
<div class="grid_3 alpha">
<p>
<span class="icon error"></span><b class="testname message error">testSave</b>
</p>
<p class="summary">Executed in 1.074 seconds.</p>
</div>
<div class="grid_5 omega outputinfo">
<div class="details">
<p>
<b class="message">No signature of method: questionnaire1.UserControllerTests.populateValidParams() is applicable for argument types: (org.codehaus.groovy.grails.web.servlet.mvc.GrailsParameterMap) values: [[:]]</b>
</p>
<pre>groovy.lang.MissingMethodException: No signature of method: questionnaire1.UserControllerTests.populateValidParams() is applicable for argument types: (org.codehaus.groovy.grails.web.servlet.mvc.GrailsParameterMap) values: [[:]]
	at questionnaire1.UserControllerTests.testSave(UserControllerTests.groovy:56)
</pre>
</div>
</div>
<div class="clear"></div>
</div>
<div class="testcase clearfix error grid_8 alpha omega" data-name="testShow">
<div class="grid_3 alpha">
<p>
<span class="icon error"></span><b class="testname message error">testShow</b>
</p>
<p class="summary">Executed in 0.832 seconds.</p>
</div>
<div class="grid_5 omega outputinfo">
<div class="details">
<p>
<b class="message">No signature of method: questionnaire1.UserControllerTests.populateValidParams() is applicable for argument types: (org.codehaus.groovy.grails.web.servlet.mvc.GrailsParameterMap) values: [[:]]</b>
</p>
<pre>groovy.lang.MissingMethodException: No signature of method: questionnaire1.UserControllerTests.populateValidParams() is applicable for argument types: (org.codehaus.groovy.grails.web.servlet.mvc.GrailsParameterMap) values: [[:]]
	at questionnaire1.UserControllerTests.testShow(UserControllerTests.groovy:70)
</pre>
</div>
</div>
<div class="clear"></div>
</div>
<div class="testcase clearfix error grid_8 alpha omega" data-name="testEdit">
<div class="grid_3 alpha">
<p>
<span class="icon error"></span><b class="testname message error">testEdit</b>
</p>
<p class="summary">Executed in 0.378 seconds.</p>
</div>
<div class="grid_5 omega outputinfo">
<div class="details">
<p>
<b class="message">No signature of method: questionnaire1.UserControllerTests.populateValidParams() is applicable for argument types: (org.codehaus.groovy.grails.web.servlet.mvc.GrailsParameterMap) values: [[:]]</b>
</p>
<pre>groovy.lang.MissingMethodException: No signature of method: questionnaire1.UserControllerTests.populateValidParams() is applicable for argument types: (org.codehaus.groovy.grails.web.servlet.mvc.GrailsParameterMap) values: [[:]]
	at questionnaire1.UserControllerTests.testEdit(UserControllerTests.groovy:88)
</pre>
</div>
</div>
<div class="clear"></div>
</div>
<div class="testcase clearfix error grid_8 alpha omega" data-name="testUpdate">
<div class="grid_3 alpha">
<p>
<span class="icon error"></span><b class="testname message error">testUpdate</b>
</p>
<p class="summary">Executed in 0.36 seconds.</p>
</div>
<div class="grid_5 omega outputinfo">
<div class="details">
<p>
<b class="message">No signature of method: questionnaire1.UserControllerTests.populateValidParams() is applicable for argument types: (org.codehaus.groovy.grails.web.servlet.mvc.GrailsParameterMap) values: [[:]]</b>
</p>
<pre>groovy.lang.MissingMethodException: No signature of method: questionnaire1.UserControllerTests.populateValidParams() is applicable for argument types: (org.codehaus.groovy.grails.web.servlet.mvc.GrailsParameterMap) values: [[:]]
	at questionnaire1.UserControllerTests.testUpdate(UserControllerTests.groovy:108)
</pre>
</div>
</div>
<div class="clear"></div>
</div>
<div class="testcase clearfix error grid_8 alpha omega" data-name="testDelete">
<div class="grid_3 alpha">
<p>
<span class="icon error"></span><b class="testname message error">testDelete</b>
</p>
<p class="summary">Executed in 0.323 seconds.</p>
</div>
<div class="grid_5 omega outputinfo">
<div class="details">
<p>
<b class="message">No signature of method: questionnaire1.UserControllerTests.populateValidParams() is applicable for argument types: (org.codehaus.groovy.grails.web.servlet.mvc.GrailsParameterMap) values: [[:]]</b>
</p>
<pre>groovy.lang.MissingMethodException: No signature of method: questionnaire1.UserControllerTests.populateValidParams() is applicable for argument types: (org.codehaus.groovy.grails.web.servlet.mvc.GrailsParameterMap) values: [[:]]
	at questionnaire1.UserControllerTests.testDelete(UserControllerTests.groovy:152)
</pre>
</div>
</div>
<div class="clear"></div>
</div>
<div class="clearfix output footer">
<div class="sysout">
<h2>Standard output</h2>
<pre class="stdout">--Output from testSimpleConstraints--
--Output from testIndex--
--Output from testList--
--Output from testCreate--
--Output from testSave--
--Output from testShow--
--Output from testEdit--
--Output from testUpdate--
--Output from testDelete--
</pre>
</div>
<div class="syserr">
<h2>System error</h2>
<pre class="syserr">--Output from testSimpleConstraints--
--Output from testIndex--
--Output from testList--
--Output from testCreate--
--Output from testSave--
--Output from testShow--
--Output from testEdit--
--Output from testUpdate--
--Output from testDelete--
</pre>
</div>
</div>
<div class="clear"></div>
</div>
<div class="clear"></div>
</div>
<!--
            Parses JUnit output and associates it with the corresponding test case
        -->
<script language="javascript">


/**
 * The JUnit report format is incredibly stuipd in the
 * sense that it accumulates output from all test methods
 * into a single xml node.
 */
(function() {

    var outputElements = findOutputElements();
    for (var i in outputElements) {
        var outputElement = outputElements[i];
        var textOutput = outputElement.element.firstChild.nodeValue;
        var header = outputElement.getHeader();
        appendTestMethodOutput(textOutput, header);
    }

    function findOutputElements() {
        var outputElements = [];
        var preElements = document.getElementsByTagName("pre");
        for (var i in preElements) {
            var preElement = preElements[i];
            var className = preElement.className || "";
            if (className.indexOf("stdout") >= 0) {
                var outputElement = new OutputElement(preElement, "output");
                outputElements.push(outputElement);
            } else if (className.indexOf("syserr") >= 0) {
                var outputElement = new OutputElement(preElement, "error");
                outputElements.push(outputElement);
            }
        }

        return outputElements;
    }

    function OutputElement(element, type) {
        this.element = element;
        this.type = type;

        this.getHeader = function() {
            if (type === "output") {
                return "System output";
            } else if ("error") {
                return "System error";
            }
        }
    }

    function appendTestMethodOutput(text, header) {
        var testOutput = new TestMethodOutput(header);

        var lines = text.split(/\r\n|\r|\n/);
        for (var i in lines) {
            var line = lines[i];
            var matches = line.match(/^--Output from (.*)--$/);
            if (matches !== null && matches.length == 2) {
                testOutput.flushToDom();
                testOutput.testName = matches[1];
            } else {
                testOutput.addLine(line);
            }
        }

        testOutput.flushToDom();
    }

    function TestMethodOutput(header) {
        this.header = header;
        this.testName = undefined;
        this.buffer = "";

        this.addLine = function(line) {
            this.buffer += line + "\n";
        }

        this.flushToDom = function() {
            if (this.testName !== undefined) {
                var domNode = getTestcaseElementByName(this.testName);
                if (domNode !== undefined && trimString(this.buffer).length > 0) {
                    this.appendTo(domNode);
                }

                this.reset();
            }
        }

        this.appendTo = function(domNode) {
            var node = document.createElement("div");
            node.innerHTML = '<p><b class="message">' + header + '</b></p>';

            var preNode = document.createElement("pre");
            preNode.appendChild(document.createTextNode(this.buffer));
            node.appendChild(preNode);

            var outputContainer = findElementByTagClassAndParent("div", "outputinfo", domNode);
            outputContainer.appendChild(node);
        }

        this.reset = function() {
            this.methodName = undefined;
            this.buffer = "";
        }
    }

    function getTestcaseElementByName(name) {
        var divElements = document.getElementsByTagName("div");
        var elementCount = divElements.length;
        for (var i=0; i<elementCount; i++) {
            var el = divElements[i];
            if (el.getAttribute("data-name") === name) {
                return el;
            }
        }
    }

    function findElementByTagClassAndParent(tagName, className, parentNode) {
        var elements = parentNode.getElementsByTagName(tagName);
        for (var i in elements) {
            var element = elements[i];

            // Not 100% correct, but good enough here
            if (element.className !== undefined && element.className.indexOf(className) >= 0) {
                return element;
            }
        }
    }

    function trimString(str) {
        return str.replace(/^\s\s*/, '').replace(/\s\s*$/, '');
    }

})();

        </script>
</body>
</html>
